#
# A fatal error has been detected by the Java Runtime Environment:
#
#  EXCEPTION_ACCESS_VIOLATION (0xc0000005) at pc=0x0000000050758f45, pid=2528, tid=13144
#
# JRE version: Java(TM) SE Runtime Environment (8.0_91-b15) (build 1.8.0_91-b15)
# Java VM: Java HotSpot(TM) 64-Bit Server VM (25.91-b15 mixed mode windows-amd64 compressed oops)
# Problematic frame:
# V  [jvm.dll+0x128f45]
#
# Failed to write core dump. Minidumps are not enabled by default on client versions of Windows
#
# If you would like to submit a bug report, please visit:
#   http://bugreport.java.com/bugreport/crash.jsp
#

---------------  T H R E A D  ---------------

Current thread (0x000000001a5dc800):  JavaThread "JDWP Transport Listener: dt_socket" daemon [_thread_in_vm, id=13144, stack(0x000000001c600000,0x000000001c700000)]

siginfo: ExceptionCode=0xc0000005, reading address 0xffffffffffffffff

Registers:
RAX=0x000000001c6ff701, RBX=0x000000001a5dc800, RCX=0x0200120011000100, RDX=0x0000000000000000
RSP=0x000000001c6ff790, RBP=0x0200120011000100, RSI=0x000000001c6ff8a8, RDI=0x00000000028e8d70
R8 =0x000000001a5dc800, R9 =0x000000000000ff00, R10=0x0000000000000000, R11=0x0000082e000b0001
R12=0x0000000000000000, R13=0x000000001a5dfcc8, R14=0x0000000000000000, R15=0x0000000000000000
RIP=0x0000000050758f45, EFLAGS=0x0000000000010206

Top of Stack: (sp=0x000000001c6ff790)
0x000000001c6ff790:   000000001a5dc800 000000001a5dc800
0x000000001c6ff7a0:   000000001c6ff858 000000005095f32b
0x000000001c6ff7b0:   000000001a5dc800 000000005097bb8d
0x000000001c6ff7c0:   0000000000000000 0000000074a39155
0x000000001c6ff7d0:   00000000253861d8 0000000074a4291e
0x000000001c6ff7e0:   000000001a5dc800 0000000000000000
0x000000001c6ff7f0:   0000000000000000 0000000000000000
0x000000001c6ff800:   0200120011000100 0000000074a41a15
0x000000001c6ff810:   000000001c6ff8a8 000000001c6ff880
0x000000001c6ff820:   0000000000000001 00000000253861d8
0x000000001c6ff830:   0200120011000100 0000000074a253b3
0x000000001c6ff840:   000000001c6ff970 0000000000000001
0x000000001c6ff850:   0000000000000001 00000000253861d8
0x000000001c6ff860:   00000000f000100a 0000000000000000
0x000000001c6ff870:   0000000000000000 0000000000000000
0x000000001c6ff880:   0000000000000001 0000000074a25571 

Instructions: (pc=0x0000000050758f45)
0x0000000050758f25:   cc cc cc cc cc cc cc cc cc cc cc 48 83 ec 28 48
0x0000000050758f35:   85 c9 75 07 33 c0 48 83 c4 28 c3 48 89 5c 24 20
0x0000000050758f45:   48 8b 19 48 85 db 74 20 48 83 fb 37 74 1a 48 8b
0x0000000050758f55:   13 48 8b cb ff 52 10 84 c0 74 0d 48 8b c3 48 8b 


Register to memory mapping:

RAX=0x000000001c6ff701 is pointing into the stack for thread: 0x000000001a5dc800
RBX=0x000000001a5dc800 is a thread
RCX=0x0200120011000100 is an unknown value
RDX=0x0000000000000000 is an unknown value
RSP=0x000000001c6ff790 is pointing into the stack for thread: 0x000000001a5dc800
RBP=0x0200120011000100 is an unknown value
RSI=0x000000001c6ff8a8 is pointing into the stack for thread: 0x000000001a5dc800
RDI=0x00000000028e8d70 is an unknown value
R8 =0x000000001a5dc800 is a thread
R9 =0x000000000000ff00 is an unknown value
R10=0x0000000000000000 is an unknown value
R11=0x0000082e000b0001 is an unknown value
R12=0x0000000000000000 is an unknown value
R13=0x000000001a5dfcc8 is an unknown value
R14=0x0000000000000000 is an unknown value
R15=0x0000000000000000 is an unknown value


Stack: [0x000000001c600000,0x000000001c700000],  sp=0x000000001c6ff790,  free space=1021k
Native frames: (J=compiled Java code, j=interpreted, Vv=VM code, C=native code)
V  [jvm.dll+0x128f45]
V  [jvm.dll+0x34bb8d]
C  [jdwp.dll+0x21a15]
C  [jdwp.dll+0x53b3]
C  [jdwp.dll+0x5571]
C  [jdwp.dll+0xf0a8]
C  [jdwp.dll+0x1f2d5]
C  [jdwp.dll+0x1f4aa]
V  [jvm.dll+0x1bbf38]
V  [jvm.dll+0x243ae4]
V  [jvm.dll+0x29a99a]
C  [msvcr100.dll+0x21d9f]
C  [msvcr100.dll+0x21e3b]
C  [kernel32.dll+0x159cd]
C  [ntdll.dll+0x2a561]


---------------  P R O C E S S  ---------------

Java Threads: ( => current thread )
  0x000000001fb73000 JavaThread "MVStore background writer nio:C:/Users/tr1b6162/test.mv.db" daemon [_thread_blocked, id=14948, stack(0x0000000024640000,0x0000000024740000)]
  0x000000001d5b6800 JavaThread "MVStore background writer nio:C:/Users/tr1b6162/h2/app_db.mv.db" daemon [_thread_blocked, id=14680, stack(0x00000000280a0000,0x00000000281a0000)]
  0x000000001d5b7800 JavaThread "Tomcat JDBC Pool Cleaner[414493378:1511733063185]" daemon [_thread_blocked, id=10524, stack(0x0000000020510000,0x0000000020610000)]
  0x0000000020f1a000 JavaThread "http-nio-8080-AsyncTimeout" daemon [_thread_blocked, id=10120, stack(0x0000000027fa0000,0x00000000280a0000)]
  0x0000000020f19000 JavaThread "http-nio-8080-Acceptor-0" daemon [_thread_in_native, id=13936, stack(0x00000000274e0000,0x00000000275e0000)]
  0x0000000020f18800 JavaThread "http-nio-8080-ClientPoller-1" daemon [_thread_in_native, id=4768, stack(0x00000000272e0000,0x00000000273e0000)]
  0x0000000020f17800 JavaThread "http-nio-8080-ClientPoller-0" daemon [_thread_in_native, id=15724, stack(0x0000000026e50000,0x0000000026f50000)]
  0x000000001fb75000 JavaThread "http-nio-8080-exec-10" daemon [_thread_blocked, id=2316, stack(0x0000000027180000,0x0000000027280000)]
  0x000000001fb74800 JavaThread "http-nio-8080-exec-9" daemon [_thread_blocked, id=11424, stack(0x000000001eae0000,0x000000001ebe0000)]
  0x000000001fb73800 JavaThread "http-nio-8080-exec-8" daemon [_thread_blocked, id=14788, stack(0x0000000026f90000,0x0000000027090000)]
  0x0000000022830000 JavaThread "http-nio-8080-exec-7" daemon [_thread_blocked, id=11840, stack(0x0000000026b70000,0x0000000026c70000)]
  0x000000002282f000 JavaThread "http-nio-8080-exec-6" daemon [_thread_blocked, id=8656, stack(0x0000000026cf0000,0x0000000026df0000)]
  0x0000000021371800 JavaThread "http-nio-8080-exec-5" daemon [_thread_blocked, id=16236, stack(0x0000000026a50000,0x0000000026b50000)]
  0x0000000021371000 JavaThread "http-nio-8080-exec-4" daemon [_thread_blocked, id=7032, stack(0x0000000026910000,0x0000000026a10000)]
  0x0000000021370000 JavaThread "http-nio-8080-exec-3" daemon [_thread_blocked, id=15388, stack(0x0000000026490000,0x0000000026590000)]
  0x000000002136f800 JavaThread "http-nio-8080-exec-2" daemon [_thread_blocked, id=13924, stack(0x000000001bfc0000,0x000000001c0c0000)]
  0x000000002136e800 JavaThread "http-nio-8080-exec-1" daemon [_thread_blocked, id=12800, stack(0x00000000262d0000,0x00000000263d0000)]
  0x0000000022c8b000 JavaThread "NioBlockingSelector.BlockPoller-6" daemon [_thread_in_native, id=15752, stack(0x0000000026150000,0x0000000026250000)]
  0x0000000022c8a000 JavaThread "File Watcher" daemon [_thread_blocked, id=2864, stack(0x0000000025f70000,0x0000000026070000)]
  0x0000000022c89800 JavaThread "container-0" [_thread_blocked, id=9828, stack(0x0000000026750000,0x0000000026850000)]
  0x0000000022c88800 JavaThread "ContainerBackgroundProcessor[StandardEngine[Tomcat]]" daemon [_thread_blocked, id=16348, stack(0x000000001f410000,0x000000001f510000)]
  0x000000001e2ca000 JavaThread "DestroyJavaVM" [_thread_blocked, id=14528, stack(0x0000000002f50000,0x0000000003050000)]
  0x0000000024d80800 JavaThread "Live Reload Server" daemon [_thread_in_native, id=15436, stack(0x000000001e9e0000,0x000000001eae0000)]
  0x000000001bb1f800 JavaThread "Service Thread" daemon [_thread_blocked, id=2988, stack(0x000000001cda0000,0x000000001cea0000)]
  0x000000001ba9c800 JavaThread "C1 CompilerThread2" daemon [_thread_blocked, id=3000, stack(0x000000001cea0000,0x000000001cfa0000)]
  0x000000001ba99800 JavaThread "C2 CompilerThread1" daemon [_thread_blocked, id=14392, stack(0x000000001cbf0000,0x000000001ccf0000)]
  0x000000001ba97000 JavaThread "C2 CompilerThread0" daemon [_thread_blocked, id=15532, stack(0x000000001c700000,0x000000001c800000)]
  0x000000001ba88800 JavaThread "JDWP Command Reader" daemon [_thread_in_native, id=1136, stack(0x000000001c9f0000,0x000000001caf0000)]
  0x000000001ba85800 JavaThread "JDWP Event Helper Thread" daemon [_thread_blocked, id=7120, stack(0x000000001c8b0000,0x000000001c9b0000)]
=>0x000000001a5dc800 JavaThread "JDWP Transport Listener: dt_socket" daemon [_thread_in_vm, id=13144, stack(0x000000001c600000,0x000000001c700000)]
  0x000000001ba71000 JavaThread "Attach Listener" daemon [_thread_blocked, id=8892, stack(0x000000001c0c0000,0x000000001c1c0000)]
  0x000000001ba70800 JavaThread "Signal Dispatcher" daemon [_thread_blocked, id=4144, stack(0x000000001beb0000,0x000000001bfb0000)]
  0x000000001a5b9800 JavaThread "Finalizer" daemon [_thread_blocked, id=7484, stack(0x000000001b970000,0x000000001ba70000)]
  0x000000001a577800 JavaThread "Reference Handler" daemon [_thread_blocked, id=4944, stack(0x000000001b780000,0x000000001b880000)]

Other Threads:
  0x000000001a56e800 VMThread [stack: 0x000000001b610000,0x000000001b710000] [id=4988]
  0x000000001bb43800 WatcherThread [stack: 0x000000001d100000,0x000000001d200000] [id=3060]

VM state:not at safepoint (normal execution)

VM Mutex/Monitor currently owned by a thread: None

Heap:
 PSYoungGen      total 343040K, used 307363K [0x0000000780800000, 0x0000000796900000, 0x00000007c0000000)
  eden space 324608K, 94% used [0x0000000780800000,0x0000000793428dc8,0x0000000794500000)
  from space 18432K, 0% used [0x0000000795700000,0x0000000795700000,0x0000000796900000)
  to   space 18432K, 0% used [0x0000000794500000,0x0000000794500000,0x0000000795700000)
 ParOldGen       total 131072K, used 28672K [0x0000000701800000, 0x0000000709800000, 0x0000000780800000)
  object space 131072K, 21% used [0x0000000701800000,0x0000000703400378,0x0000000709800000)
 Metaspace       used 49575K, capacity 50645K, committed 50736K, reserved 1093632K
  class space    used 5592K, capacity 5917K, committed 5936K, reserved 1048576K

Card table byte_map: [0x00000000126e0000,0x0000000012ce0000] byte_map_base: 0x000000000eed4000

Marking Bits: (ParMarkBitMap*) 0x0000000050e42f70
 Begin Bits: [0x00000000136a0000, 0x0000000016640000)
 End Bits:   [0x0000000016640000, 0x00000000195e0000)

Polling page: 0x00000000001a0000

CodeCache: size=245760Kb used=32072Kb max_used=32127Kb free=213687Kb
 bounds [0x0000000003320000, 0x00000000052b0000, 0x0000000012320000]
 total_blobs=8110 nmethods=7402 adapters=626
 compilation: enabled

Compilation events (10 events):
Event: 1240.695 Thread 0x000000001ba9c800 9066   !   3       org.apache.tomcat.util.collections.ConcurrentCache::get (63 bytes)
Event: 1240.695 Thread 0x000000001ba9c800 nmethod 9066 0x00000000052a33d0 code [0x00000000052a3580, 0x00000000052a3ba8]
Event: 1242.529 Thread 0x000000001ba9c800 9067   !   3       org.apache.tomcat.util.net.SocketProcessorBase::run (35 bytes)
Event: 1242.530 Thread 0x000000001ba9c800 nmethod 9067 0x00000000052a2b50 code [0x00000000052a2ce0, 0x00000000052a3218]
Event: 1242.535 Thread 0x000000001ba97000 9068  s    4       java.io.BufferedOutputStream::write (67 bytes)
Event: 1242.540 Thread 0x000000001ba97000 nmethod 9068 0x00000000052a1f10 code [0x00000000052a2080, 0x00000000052a2738]
Event: 1314.431 Thread 0x000000001ba99800 9069       4       java.util.BitSet::checkRange (104 bytes)
Event: 1314.433 Thread 0x000000001ba99800 nmethod 9069 0x0000000003cf8e50 code [0x0000000003cf8f80, 0x0000000003cf9018]
Event: 1337.382 Thread 0x000000001ba97000 9070       4       java.util.concurrent.locks.AbstractQueuedSynchronizer::doReleaseShared (79 bytes)
Event: 1337.383 Thread 0x000000001ba97000 nmethod 9070 0x000000000356d910 code [0x000000000356da60, 0x000000000356db88]

GC Heap History (10 events):
Event: 859.367 GC heap before
{Heap before GC invocations=21 (full 5):
 PSYoungGen      total 241664K, used 179084K [0x0000000780800000, 0x0000000793800000, 0x00000007c0000000)
  eden space 222720K, 80% used [0x0000000780800000,0x000000078b6e30f8,0x000000078e180000)
  from space 18944K, 0% used [0x000000078e180000,0x000000078e180000,0x000000078f400000)
  to   space 19456K, 0% used [0x0000000792500000,0x0000000792500000,0x0000000793800000)
 ParOldGen       total 131072K, used 27026K [0x0000000701800000, 0x0000000709800000, 0x0000000780800000)
  object space 131072K, 20% used [0x0000000701800000,0x00000007032649c0,0x0000000709800000)
 Metaspace       used 48542K, capacity 49365K, committed 49584K, reserved 1093632K
  class space    used 5546K, capacity 5803K, committed 5808K, reserved 1048576K
Event: 859.382 GC heap after
Heap after GC invocations=21 (full 5):
 PSYoungGen      total 290816K, used 3748K [0x0000000780800000, 0x0000000793700000, 0x00000007c0000000)
  eden space 272384K, 0% used [0x0000000780800000,0x0000000780800000,0x0000000791200000)
  from space 18432K, 20% used [0x0000000792500000,0x00000007928a92d8,0x0000000793700000)
  to   space 18944K, 0% used [0x0000000791200000,0x0000000791200000,0x0000000792480000)
 ParOldGen       total 131072K, used 27034K [0x0000000701800000, 0x0000000709800000, 0x0000000780800000)
  object space 131072K, 20% used [0x0000000701800000,0x00000007032669c0,0x0000000709800000)
 Metaspace       used 48542K, capacity 49365K, committed 49584K, reserved 1093632K
  class space    used 5546K, capacity 5803K, committed 5808K, reserved 1048576K
}
Event: 859.382 GC heap before
{Heap before GC invocations=22 (full 6):
 PSYoungGen      total 290816K, used 3748K [0x0000000780800000, 0x0000000793700000, 0x00000007c0000000)
  eden space 272384K, 0% used [0x0000000780800000,0x0000000780800000,0x0000000791200000)
  from space 18432K, 20% used [0x0000000792500000,0x00000007928a92d8,0x0000000793700000)
  to   space 18944K, 0% used [0x0000000791200000,0x0000000791200000,0x0000000792480000)
 ParOldGen       total 131072K, used 27034K [0x0000000701800000, 0x0000000709800000, 0x0000000780800000)
  object space 131072K, 20% used [0x0000000701800000,0x00000007032669c0,0x0000000709800000)
 Metaspace       used 48542K, capacity 49365K, committed 49584K, reserved 1093632K
  class space    used 5546K, capacity 5803K, committed 5808K, reserved 1048576K
Event: 859.586 GC heap after
Heap after GC invocations=22 (full 6):
 PSYoungGen      total 290816K, used 0K [0x0000000780800000, 0x0000000793700000, 0x00000007c0000000)
  eden space 272384K, 0% used [0x0000000780800000,0x0000000780800000,0x0000000791200000)
  from space 18432K, 0% used [0x0000000792500000,0x0000000792500000,0x0000000793700000)
  to   space 18944K, 0% used [0x0000000791200000,0x0000000791200000,0x0000000792480000)
 ParOldGen       total 131072K, used 30020K [0x0000000701800000, 0x0000000709800000, 0x0000000780800000)
  object space 131072K, 22% used [0x0000000701800000,0x00000007035513e8,0x0000000709800000)
 Metaspace       used 48542K, capacity 49365K, committed 49584K, reserved 1093632K
  class space    used 5546K, capacity 5803K, committed 5808K, reserved 1048576K
}
Event: 1016.338 GC heap before
{Heap before GC invocations=23 (full 6):
 PSYoungGen      total 290816K, used 272384K [0x0000000780800000, 0x0000000793700000, 0x00000007c0000000)
  eden space 272384K, 100% used [0x0000000780800000,0x0000000791200000,0x0000000791200000)
  from space 18432K, 0% used [0x0000000792500000,0x0000000792500000,0x0000000793700000)
  to   space 18944K, 0% used [0x0000000791200000,0x0000000791200000,0x0000000792480000)
 ParOldGen       total 131072K, used 30020K [0x0000000701800000, 0x0000000709800000, 0x0000000780800000)
  object space 131072K, 22% used [0x0000000701800000,0x00000007035513e8,0x0000000709800000)
 Metaspace       used 48895K, capacity 49835K, committed 50224K, reserved 1093632K
  class space    used 5560K, capacity 5848K, committed 5936K, reserved 1048576K
Event: 1016.379 GC heap after
Heap after GC invocations=23 (full 6):
 PSYoungGen      total 291328K, used 8650K [0x0000000780800000, 0x0000000796900000, 0x00000007c0000000)
  eden space 272384K, 0% used [0x0000000780800000,0x0000000780800000,0x0000000791200000)
  from space 18944K, 45% used [0x0000000791200000,0x0000000791a72be8,0x0000000792480000)
  to   space 18432K, 0% used [0x0000000795700000,0x0000000795700000,0x0000000796900000)
 ParOldGen       total 131072K, used 30028K [0x0000000701800000, 0x0000000709800000, 0x0000000780800000)
  object space 131072K, 22% used [0x0000000701800000,0x00000007035533e8,0x0000000709800000)
 Metaspace       used 48895K, capacity 49835K, committed 50224K, reserved 1093632K
  class space    used 5560K, capacity 5848K, committed 5936K, reserved 1048576K
}
Event: 1186.250 GC heap before
{Heap before GC invocations=24 (full 6):
 PSYoungGen      total 291328K, used 142092K [0x0000000780800000, 0x0000000796900000, 0x00000007c0000000)
  eden space 272384K, 48% used [0x0000000780800000,0x0000000788a504b0,0x0000000791200000)
  from space 18944K, 45% used [0x0000000791200000,0x0000000791a72be8,0x0000000792480000)
  to   space 18432K, 0% used [0x0000000795700000,0x0000000795700000,0x0000000796900000)
 ParOldGen       total 131072K, used 30028K [0x0000000701800000, 0x0000000709800000, 0x0000000780800000)
  object space 131072K, 22% used [0x0000000701800000,0x00000007035533e8,0x0000000709800000)
 Metaspace       used 48913K, capacity 49841K, committed 50224K, reserved 1093632K
  class space    used 5561K, capacity 5850K, committed 5936K, reserved 1048576K
Event: 1186.254 GC heap after
Heap after GC invocations=24 (full 6):
 PSYoungGen      total 343040K, used 2256K [0x0000000780800000, 0x0000000796900000, 0x00000007c0000000)
  eden space 324608K, 0% used [0x0000000780800000,0x0000000780800000,0x0000000794500000)
  from space 18432K, 12% used [0x0000000795700000,0x0000000795934010,0x0000000796900000)
  to   space 18432K, 0% used [0x0000000794500000,0x0000000794500000,0x0000000795700000)
 ParOldGen       total 131072K, used 30028K [0x0000000701800000, 0x0000000709800000, 0x0000000780800000)
  object space 131072K, 22% used [0x0000000701800000,0x00000007035533e8,0x0000000709800000)
 Metaspace       used 48913K, capacity 49841K, committed 50224K, reserved 1093632K
  class space    used 5561K, capacity 5850K, committed 5936K, reserved 1048576K
}
Event: 1186.254 GC heap before
{Heap before GC invocations=25 (full 7):
 PSYoungGen      total 343040K, used 2256K [0x0000000780800000, 0x0000000796900000, 0x00000007c0000000)
  eden space 324608K, 0% used [0x0000000780800000,0x0000000780800000,0x0000000794500000)
  from space 18432K, 12% used [0x0000000795700000,0x0000000795934010,0x0000000796900000)
  to   space 18432K, 0% used [0x0000000794500000,0x0000000794500000,0x0000000795700000)
 ParOldGen       total 131072K, used 30028K [0x0000000701800000, 0x0000000709800000, 0x0000000780800000)
  object space 131072K, 22% used [0x0000000701800000,0x00000007035533e8,0x0000000709800000)
 Metaspace       used 48913K, capacity 49841K, committed 50224K, reserved 1093632K
  class space    used 5561K, capacity 5850K, committed 5936K, reserved 1048576K
Event: 1186.390 GC heap after
Heap after GC invocations=25 (full 7):
 PSYoungGen      total 343040K, used 0K [0x0000000780800000, 0x0000000796900000, 0x00000007c0000000)
  eden space 324608K, 0% used [0x0000000780800000,0x0000000780800000,0x0000000794500000)
  from space 18432K, 0% used [0x0000000795700000,0x0000000795700000,0x0000000796900000)
  to   space 18432K, 0% used [0x0000000794500000,0x0000000794500000,0x0000000795700000)
 ParOldGen       total 131072K, used 28672K [0x0000000701800000, 0x0000000709800000, 0x0000000780800000)
  object space 131072K, 21% used [0x0000000701800000,0x0000000703400378,0x0000000709800000)
 Metaspace       used 48911K, capacity 49835K, committed 50224K, reserved 1093632K
  class space    used 5560K, capacity 5848K, committed 5936K, reserved 1048576K
}

Deoptimization events (10 events):
Event: 1194.152 Thread 0x000000002136e800 Uncommon trap: reason=class_check action=maybe_recompile pc=0x00000000050fa53c method=ch.qos.logback.core.OutputStreamAppender.subAppend(Ljava/lang/Object;)V @ 9
Event: 1194.152 Thread 0x000000002136e800 Uncommon trap: reason=class_check action=maybe_recompile pc=0x00000000050fa53c method=ch.qos.logback.core.OutputStreamAppender.subAppend(Ljava/lang/Object;)V @ 9
Event: 1194.153 Thread 0x000000002136e800 Uncommon trap: reason=class_check action=maybe_recompile pc=0x00000000050fa53c method=ch.qos.logback.core.OutputStreamAppender.subAppend(Ljava/lang/Object;)V @ 9
Event: 1198.124 Thread 0x000000001fb73800 Uncommon trap: reason=unhandled action=none pc=0x0000000004a9e1e8 method=java.net.URLClassLoader.findClass(Ljava/lang/String;)Ljava/lang/Class; @ 44
Event: 1198.125 Thread 0x000000001fb73800 Uncommon trap: reason=range_check action=none pc=0x000000000352cf64 method=sun.reflect.generics.parser.SignatureParser.current()C @ 34
Event: 1198.128 Thread 0x000000001fb73800 Uncommon trap: reason=unhandled action=none pc=0x0000000004a9e1e8 method=java.net.URLClassLoader.findClass(Ljava/lang/String;)Ljava/lang/Class; @ 44
Event: 1198.129 Thread 0x000000001fb73800 Uncommon trap: reason=unhandled action=none pc=0x0000000004a9e1e8 method=java.net.URLClassLoader.findClass(Ljava/lang/String;)Ljava/lang/Class; @ 44
Event: 1198.129 Thread 0x000000001fb73800 Uncommon trap: reason=unhandled action=none pc=0x0000000004a9e1e8 method=java.net.URLClassLoader.findClass(Ljava/lang/String;)Ljava/lang/Class; @ 44
Event: 1198.141 Thread 0x000000001fb73800 Uncommon trap: reason=unhandled action=none pc=0x0000000004a9e1e8 method=java.net.URLClassLoader.findClass(Ljava/lang/String;)Ljava/lang/Class; @ 44
Event: 1198.141 Thread 0x000000001fb73800 Uncommon trap: reason=unhandled action=none pc=0x0000000004a9e1e8 method=java.net.URLClassLoader.findClass(Ljava/lang/String;)Ljava/lang/Class; @ 44

Internal exceptions (10 events):
Event: 1187.575 Thread 0x000000001fb73000 Exception <a 'java/lang/ArrayIndexOutOfBoundsException': 100> (0x0000000789955dd8) thrown at [C:\re\workspace\8-2-build-windows-amd64-cygwin\jdk8u91\7017\hotspot\src\share\vm\interpreter\interpreterRuntime.cpp, line 366]
Event: 1187.575 Thread 0x000000001fb73000 Exception <a 'java/lang/ArrayIndexOutOfBoundsException': 40> (0x0000000789956cc8) thrown at [C:\re\workspace\8-2-build-windows-amd64-cygwin\jdk8u91\7017\hotspot\src\share\vm\interpreter\interpreterRuntime.cpp, line 366]
Event: 1187.575 Thread 0x000000001fb73000 Exception <a 'java/lang/ArrayIndexOutOfBoundsException': 47> (0x00000007899585b0) thrown at [C:\re\workspace\8-2-build-windows-amd64-cygwin\jdk8u91\7017\hotspot\src\share\vm\interpreter\interpreterRuntime.cpp, line 366]
Event: 1187.575 Thread 0x000000001fb73000 Exception <a 'java/lang/ArrayIndexOutOfBoundsException': 63> (0x000000078995a128) thrown at [C:\re\workspace\8-2-build-windows-amd64-cygwin\jdk8u91\7017\hotspot\src\share\vm\interpreter\interpreterRuntime.cpp, line 366]
Event: 1187.579 Thread 0x000000001fb73000 Exception <a 'java/lang/ArrayIndexOutOfBoundsException': 64> (0x000000078998ce38) thrown at [C:\re\workspace\8-2-build-windows-amd64-cygwin\jdk8u91\7017\hotspot\src\share\vm\interpreter\interpreterRuntime.cpp, line 366]
Event: 1187.582 Thread 0x000000001fb73000 Exception <a 'java/lang/ArrayIndexOutOfBoundsException': 137> (0x00000007899e9620) thrown at [C:\re\workspace\8-2-build-windows-amd64-cygwin\jdk8u91\7017\hotspot\src\share\vm\interpreter\interpreterRuntime.cpp, line 366]
Event: 1189.204 Thread 0x000000001fb73000 Exception <a 'java/lang/ArrayIndexOutOfBoundsException': 185> (0x0000000789fefcc8) thrown at [C:\re\workspace\8-2-build-windows-amd64-cygwin\jdk8u91\7017\hotspot\src\share\vm\interpreter\interpreterRuntime.cpp, line 366]
Event: 1189.231 Thread 0x000000001fb73000 Exception <a 'java/lang/ArrayIndexOutOfBoundsException': 159> (0x000000078a38f988) thrown at [C:\re\workspace\8-2-build-windows-amd64-cygwin\jdk8u91\7017\hotspot\src\share\vm\interpreter\interpreterRuntime.cpp, line 366]
Event: 1189.252 Thread 0x000000001fb73000 Exception <a 'java/lang/ArrayIndexOutOfBoundsException': 251> (0x000000078a5a2720) thrown at [C:\re\workspace\8-2-build-windows-amd64-cygwin\jdk8u91\7017\hotspot\src\share\vm\interpreter\interpreterRuntime.cpp, line 366]
Event: 1198.125 Thread 0x000000001fb73800 Exception <a 'java/lang/ArrayIndexOutOfBoundsException': 31> (0x000000078ba89490) thrown at [C:\re\workspace\8-2-build-windows-amd64-cygwin\jdk8u91\7017\hotspot\src\share\vm\interpreter\interpreterRuntime.cpp, line 366]

Events (10 events):
Event: 1301.565 Executing VM operation: RevokeBias done
Event: 1314.433 Thread 0x000000001ba99800 flushing nmethod 0x0000000003653050
Event: 1314.433 Thread 0x000000001ba99800 flushing nmethod 0x00000000036fc850
Event: 1314.434 Thread 0x000000001ba99800 flushing nmethod 0x00000000037addd0
Event: 1337.150 Executing VM operation: RedefineClasses
Event: 1337.382 Executing VM operation: RedefineClasses done
Event: 1337.384 Thread 0x000000001ba97000 flushing nmethod 0x0000000003893090
Event: 1337.384 Thread 0x000000001ba97000 flushing nmethod 0x00000000038adf50
Event: 1337.384 Thread 0x000000001ba97000 flushing nmethod 0x00000000038c4a10
Event: 1337.384 Thread 0x000000001ba97000 flushing nmethod 0x00000000038ed090


Dynamic libraries:
0x000000013f290000 - 0x000000013f2c7000 	D:\jdk1.8.0_91\bin\javaw.exe
0x0000000077ab0000 - 0x0000000077c5a000 	C:\WINDOWS\SYSTEM32\ntdll.dll
0x0000000077890000 - 0x00000000779af000 	C:\WINDOWS\system32\kernel32.dll
0x000007fefd980000 - 0x000007fefd9ea000 	C:\WINDOWS\system32\KERNELBASE.dll
0x000007fefb350000 - 0x000007fefb3d4000 	C:\WINDOWS\system32\tmumh\20019\AddOn\6.80.0.1007\TmUmEvt64.dll
0x0000000077c80000 - 0x0000000077c87000 	C:\WINDOWS\system32\PSAPI.DLL
0x000007feff710000 - 0x000007feff781000 	C:\WINDOWS\system32\SHLWAPI.dll
0x000007fefdbb0000 - 0x000007fefdc17000 	C:\WINDOWS\system32\GDI32.dll
0x00000000779b0000 - 0x0000000077aaa000 	C:\WINDOWS\system32\USER32.dll
0x000007feffdb0000 - 0x000007feffdbe000 	C:\WINDOWS\system32\LPK.dll
0x000007feff640000 - 0x000007feff70b000 	C:\WINDOWS\system32\USP10.dll
0x000007feff1d0000 - 0x000007feff26f000 	C:\WINDOWS\system32\msvcrt.dll
0x000007fefdd00000 - 0x000007fefdddb000 	C:\WINDOWS\system32\ADVAPI32.dll
0x000007feffb10000 - 0x000007feffb2f000 	C:\WINDOWS\SYSTEM32\sechost.dll
0x000007feff9d0000 - 0x000007feffafd000 	C:\WINDOWS\system32\RPCRT4.dll
0x0000000050510000 - 0x000000005062e000 	C:\WINDOWS\system32\tmumh\20019\TmMon\1.6.0.1200\tmmon64.dll
0x000007fefc180000 - 0x000007fefc374000 	C:\WINDOWS\WinSxS\amd64_microsoft.windows.common-controls_6595b64144ccf1df_6.0.7601.18837_none_fa3b1e3d17594757\COMCTL32.dll
0x000007fefd5e0000 - 0x000007fefd637000 	C:\WINDOWS\system32\apphelp.dll
0x000007fec8b40000 - 0x000007fec8d40000 	C:\WINDOWS\AppPatch\AppPatch64\EMET64.dll
0x000007fefdb80000 - 0x000007fefdbae000 	C:\WINDOWS\system32\IMM32.DLL
0x000007fefee40000 - 0x000007fefef49000 	C:\WINDOWS\system32\MSCTF.dll
0x00000000583b0000 - 0x0000000058482000 	D:\jdk1.8.0_91\jre\bin\msvcr100.dll
0x0000000050630000 - 0x0000000050ec3000 	D:\jdk1.8.0_91\jre\bin\server\jvm.dll
0x000007fef47c0000 - 0x000007fef47c9000 	C:\WINDOWS\system32\WSOCK32.dll
0x000007feff980000 - 0x000007feff9cd000 	C:\WINDOWS\system32\WS2_32.dll
0x000007feffb00000 - 0x000007feffb08000 	C:\WINDOWS\system32\NSI.dll
0x000007feee310000 - 0x000007feee34b000 	C:\WINDOWS\system32\WINMM.dll
0x000007fefc870000 - 0x000007fefc87c000 	C:\WINDOWS\system32\VERSION.dll
0x0000000072410000 - 0x000000007241f000 	D:\jdk1.8.0_91\jre\bin\verify.dll
0x00000000600d0000 - 0x00000000600f9000 	D:\jdk1.8.0_91\jre\bin\java.dll
0x0000000074a20000 - 0x0000000074a55000 	D:\jdk1.8.0_91\jre\bin\jdwp.dll
0x00000000753d0000 - 0x00000000753d8000 	D:\jdk1.8.0_91\jre\bin\npt.dll
0x00000000723f0000 - 0x0000000072406000 	D:\jdk1.8.0_91\jre\bin\zip.dll
0x000007fefe0b0000 - 0x000007fefee3a000 	C:\WINDOWS\system32\SHELL32.dll
0x000007feffb30000 - 0x000007feffd2c000 	C:\WINDOWS\system32\ole32.dll
0x000007fefd7a0000 - 0x000007fefd7af000 	C:\WINDOWS\system32\profapi.dll
0x00000000753e0000 - 0x00000000753e9000 	D:\jdk1.8.0_91\jre\bin\dt_socket.dll
0x000007fefb3f0000 - 0x000007fefb405000 	C:\WINDOWS\system32\NLAapi.dll
0x000007fef63c0000 - 0x000007fef63d5000 	C:\WINDOWS\system32\napinsp.dll
0x000007fef63a0000 - 0x000007fef63b9000 	C:\WINDOWS\system32\pnrpnsp.dll
0x000007fefcf70000 - 0x000007fefcfc5000 	C:\WINDOWS\System32\mswsock.dll
0x000007fefcdf0000 - 0x000007fefce4b000 	C:\WINDOWS\system32\DNSAPI.dll
0x000007fef6390000 - 0x000007fef639b000 	C:\WINDOWS\System32\winrnr.dll
0x000007fef6380000 - 0x000007fef6390000 	C:\WINDOWS\system32\wshbth.dll
0x000007fef6350000 - 0x000007fef6377000 	C:\WINDOWS\system32\IPHLPAPI.DLL
0x000007fef6340000 - 0x000007fef634b000 	C:\WINDOWS\system32\WINNSI.DLL
0x000007fef6290000 - 0x000007fef62e3000 	C:\WINDOWS\System32\fwpuclnt.dll
0x000007fef62f0000 - 0x000007fef62f8000 	C:\WINDOWS\system32\rasadhlp.dll
0x000007fefc940000 - 0x000007fefc947000 	C:\WINDOWS\System32\wshtcpip.dll
0x00000000723a0000 - 0x00000000723ad000 	D:\jdk1.8.0_91\jre\bin\management.dll
0x000000005b6b0000 - 0x000000005b6ca000 	D:\jdk1.8.0_91\jre\bin\net.dll
0x000007fefcf60000 - 0x000007fefcf67000 	C:\WINDOWS\System32\wship6.dll
0x000000005b5d0000 - 0x000000005b5e1000 	D:\jdk1.8.0_91\jre\bin\nio.dll
0x000007fefcfd0000 - 0x000007fefcfe8000 	C:\WINDOWS\system32\CRYPTSP.dll
0x000007fefccd0000 - 0x000007fefcd17000 	C:\WINDOWS\system32\rsaenh.dll
0x000007fefda10000 - 0x000007fefda2e000 	C:\WINDOWS\system32\USERENV.dll
0x000007fefd640000 - 0x000007fefd64f000 	C:\WINDOWS\system32\CRYPTBASE.dll
0x000007fef6320000 - 0x000007fef6338000 	C:\WINDOWS\system32\dhcpcsvc.DLL
0x000007fef6300000 - 0x000007fef6311000 	C:\WINDOWS\system32\dhcpcsvc6.DLL
0x000007fef4e10000 - 0x000007fef4f35000 	C:\WINDOWS\system32\dbghelp.dll

VM Arguments:
jvm_args: -agentlib:jdwp=transport=dt_socket,suspend=y,address=localhost:56939 -Dfile.encoding=UTF-8 
java_command: org.serdar.deeplearning.Application
java_class_path (initial): D:\workspace\783\target\classes;C:\Users\tr1b6162\.m2\repository\org\springframework\boot\spring-boot-starter-web\1.5.8.RELEASE\spring-boot-starter-web-1.5.8.RELEASE.jar;C:\Users\tr1b6162\.m2\repository\org\springframework\boot\spring-boot-starter\1.5.8.RELEASE\spring-boot-starter-1.5.8.RELEASE.jar;C:\Users\tr1b6162\.m2\repository\org\springframework\boot\spring-boot-starter-logging\1.5.8.RELEASE\spring-boot-starter-logging-1.5.8.RELEASE.jar;C:\Users\tr1b6162\.m2\repository\ch\qos\logback\logback-classic\1.1.11\logback-classic-1.1.11.jar;C:\Users\tr1b6162\.m2\repository\ch\qos\logback\logback-core\1.1.11\logback-core-1.1.11.jar;C:\Users\tr1b6162\.m2\repository\org\slf4j\jcl-over-slf4j\1.7.25\jcl-over-slf4j-1.7.25.jar;C:\Users\tr1b6162\.m2\repository\org\slf4j\jul-to-slf4j\1.7.25\jul-to-slf4j-1.7.25.jar;C:\Users\tr1b6162\.m2\repository\org\slf4j\log4j-over-slf4j\1.7.25\log4j-over-slf4j-1.7.25.jar;C:\Users\tr1b6162\.m2\repository\org\yaml\snakeyaml\1.17\snakeyaml-1.17.jar;C:\Users\tr1b6162\.m2\repository\org\springframework\boot\spring-boot-starter-tomcat\1.5.8.RELEASE\spring-boot-starter-tomcat-1.5.8.RELEASE.jar;C:\Users\tr1b6162\.m2\repository\org\apache\tomcat\embed\tomcat-embed-core\8.5.23\tomcat-embed-core-8.5.23.jar;C:\Users\tr1b6162\.m2\repository\org\apache\tomcat\tomcat-annotations-api\8.5.23\tomcat-annotations-api-8.5.23.jar;C:\Users\tr1b6162\.m2\repository\org\apache\tomcat\embed\tomcat-embed-el\8.5.23\tomcat-embed-el-8.5.23.jar;C:\Users\tr1b6162\.m2\repository\org\apache\tomcat\embed\tomcat-embed-websocket\8.5.23\tomcat-embed-websocket-8.5.23.jar;C:\Users\tr1b6162\.m2\repository\org\hibernate\hibernate-validator\5.3.5.Final\hibernate-validator-5.3.5.Final.jar;C:\Users\tr1b6162\.m2\repository\javax\validation\validation-api\1.1.0.Final\validation-api-1.1.0.Final.jar;C:\Users\tr1b6162\.m2\repository\org\jboss\logging\jboss-logging\3.3.1.Final\jboss-logging-3.3.1.Final.jar;C:\Users\tr1b6162\.m2\repository\com\fasterxml\classmate\1
Launcher Type: SUN_STANDARD

Environment Variables:
JAVA_HOME=D:\jdk1.8.0_91
PATH=D:\jdk1.8.0_91\jre\bin;D:/jdk1.8.0_91/bin/../jre/bin/server;D:/jdk1.8.0_91/bin/../jre/bin;D:/jdk1.8.0_91/bin/../jre/lib/amd64;D:\Python35;D:\Python35\Scripts\;D:\jdk1.8.0_91\bin;C:\WINDOWS\system32;C:\WINDOWS;C:\WINDOWS\System32\Wbem;C:\WINDOWS\System32\WindowsPowerShell\v1.0\;C:\apache-maven-3.3.9\bin;C:\Program Files (x86)\Java\jre1.8.0_121\bin;C:\Program Files (x86)\Skype\Phone\;C:\Program Files (x86)\Git\cmd;C:\Program Files\TortoiseGit\bin;C:\WINDOWS\System32\WindowsPowerShell\v1.0\;C:\WINDOWS\System32\WindowsPowerShell\v1.0\;C:\Users\tr1b6162\AppData\Local\rodeo\app-2.4.10\bin;C:\eclipse-mars;
USERNAME=tr1b6162
OS=Windows_NT
PROCESSOR_IDENTIFIER=Intel64 Family 6 Model 78 Stepping 3, GenuineIntel



---------------  S Y S T E M  ---------------

OS: Windows 7 , 64 bit Build 7601 (6.1.7601.23915)

CPU:total 4 (2 cores per cpu, 2 threads per core) family 6 model 78 stepping 3, cmov, cx8, fxsr, mmx, sse, sse2, sse3, ssse3, sse4.1, sse4.2, popcnt, avx, avx2, aes, clmul, erms, rtm, 3dnowpref, lzcnt, ht, tsc, tscinvbit, bmi1, bmi2, adx

Memory: 4k page, physical 12484096k(4344540k free), swap 24966332k(15435568k free)

vm_info: Java HotSpot(TM) 64-Bit Server VM (25.91-b15) for windows-amd64 JRE (1.8.0_91-b15), built on May 20 2016 17:43:15 by "java_re" with MS VC++ 10.0 (VS2010)

time: Mon Nov 27 00:53:15 2017
elapsed time: 1337 seconds (0d 0h 22m 17s)

